# JRE version: Java(TM) SE Runtime Environment (8.0_65-b17) (build 1.8.0_65-b17)
# Java VM: Java HotSpot(TM) 64-Bit Server VM (25.65-b01 mixed mode bsd-amd64 compressed oops)
Heap:
 PSYoungGen      total 142336K, used 5180K [0x000000076ab00000, 0x0000000774300000, 0x00000007c0000000)
  eden space 130560K, 3% used [0x000000076ab00000,0x000000076b00f210,0x0000000772a80000)
  from space 11776K, 0% used [0x0000000773680000,0x0000000773680000,0x0000000774200000)
  to   space 12288K, 0% used [0x0000000772a80000,0x0000000772a80000,0x0000000773680000)
 ParOldGen       total 99840K, used 9135K [0x00000006c0000000, 0x00000006c6180000, 0x000000076ab00000)
  object space 99840K, 9% used [0x00000006c0000000,0x00000006c08ebc70,0x00000006c6180000)
 Metaspace       used 21114K, capacity 21402K, committed 21680K, reserved 1069056K
  class space    used 2543K, capacity 2636K, committed 2736K, reserved 1048576K
GC Heap History (10 events):
Event: 3.409 GC heap before
{Heap before GC invocations=3 (full 0):
 PSYoungGen      total 76288K, used 71791K [0x000000076ab00000, 0x0000000774000000, 0x00000007c0000000)
  eden space 65536K, 100% used [0x000000076ab00000,0x000000076eb00000,0x000000076eb00000)
  from space 10752K, 58% used [0x000000076f580000,0x000000076fb9be48,0x0000000770000000)
  to   space 10752K, 0% used [0x000000076eb00000,0x000000076eb00000,0x000000076f580000)
 ParOldGen       total 175104K, used 16K [0x00000006c0000000, 0x00000006cab00000, 0x000000076ab00000)
  object space 175104K, 0% used [0x00000006c0000000,0x00000006c0004000,0x00000006cab00000)
 Metaspace       used 14139K, capacity 14288K, committed 14464K, reserved 1062912K
  class space    used 1606K, capacity 1664K, committed 1664K, reserved 1048576K
Event: 3.415 GC heap after
Heap after GC invocations=3 (full 0):
 PSYoungGen      total 76288K, used 5648K [0x000000076ab00000, 0x0000000770000000, 0x00000007c0000000)
  eden space 65536K, 0% used [0x000000076ab00000,0x000000076ab00000,0x000000076eb00000)
  from space 10752K, 52% used [0x000000076eb00000,0x000000076f084220,0x000000076f580000)
  to   space 10752K, 0% used [0x000000076f580000,0x000000076f580000,0x0000000770000000)
 ParOldGen       total 175104K, used 24K [0x00000006c0000000, 0x00000006cab00000, 0x000000076ab00000)
  object space 175104K, 0% used [0x00000006c0000000,0x00000006c0006000,0x00000006cab00000)
 Metaspace       used 14139K, capacity 14288K, committed 14464K, reserved 1062912K
  class space    used 1606K, capacity 1664K, committed 1664K, reserved 1048576K
}
Event: 4.402 GC heap before
{Heap before GC invocations=4 (full 0):
 PSYoungGen      total 76288K, used 71184K [0x000000076ab00000, 0x0000000770000000, 0x00000007c0000000)
  eden space 65536K, 100% used [0x000000076ab00000,0x000000076eb00000,0x000000076eb00000)
  from space 10752K, 52% used [0x000000076eb00000,0x000000076f084220,0x000000076f580000)
  to   space 10752K, 0% used [0x000000076f580000,0x000000076f580000,0x0000000770000000)
 ParOldGen       total 175104K, used 24K [0x00000006c0000000, 0x00000006cab00000, 0x000000076ab00000)
  object space 175104K, 0% used [0x00000006c0000000,0x00000006c0006000,0x00000006cab00000)
 Metaspace       used 19620K, capacity 19806K, committed 20224K, reserved 1067008K
  class space    used 2410K, capacity 2482K, committed 2560K, reserved 1048576K
Event: 4.422 GC heap after
Heap after GC invocations=4 (full 0):
 PSYoungGen      total 76288K, used 8286K [0x000000076ab00000, 0x0000000774000000, 0x00000007c0000000)
  eden space 65536K, 0% used [0x000000076ab00000,0x000000076ab00000,0x000000076eb00000)
  from space 10752K, 77% used [0x000000076f580000,0x000000076fd97998,0x0000000770000000)
  to   space 10752K, 0% used [0x000000076eb00000,0x000000076eb00000,0x000000076f580000)
 ParOldGen       total 175104K, used 32K [0x00000006c0000000, 0x00000006cab00000, 0x000000076ab00000)
  object space 175104K, 0% used [0x00000006c0000000,0x00000006c0008000,0x00000006cab00000)
 Metaspace       used 19620K, capacity 19806K, committed 20224K, reserved 1067008K
  class space    used 2410K, capacity 2482K, committed 2560K, reserved 1048576K
}
Event: 5.240 GC heap before
{Heap before GC invocations=5 (full 0):
 PSYoungGen      total 76288K, used 73822K [0x000000076ab00000, 0x0000000774000000, 0x00000007c0000000)
  eden space 65536K, 100% used [0x000000076ab00000,0x000000076eb00000,0x000000076eb00000)
  from space 10752K, 77% used [0x000000076f580000,0x000000076fd97998,0x0000000770000000)
  to   space 10752K, 0% used [0x000000076eb00000,0x000000076eb00000,0x000000076f580000)
 ParOldGen       total 175104K, used 32K [0x00000006c0000000, 0x00000006cab00000, 0x000000076ab00000)
  object space 175104K, 0% used [0x00000006c0000000,0x00000006c0008000,0x00000006cab00000)
 Metaspace       used 20527K, capacity 20762K, committed 20992K, reserved 1067008K
  class space    used 2483K, capacity 2556K, committed 2560K, reserved 1048576K
Event: 5.256 GC heap after
Heap after GC invocations=5 (full 0):
 PSYoungGen      total 76288K, used 10724K [0x000000076ab00000, 0x0000000774200000, 0x00000007c0000000)
  eden space 65536K, 0% used [0x000000076ab00000,0x000000076ab00000,0x000000076eb00000)
  from space 10752K, 99% used [0x000000076eb00000,0x000000076f579280,0x000000076f580000)
  to   space 11776K, 0% used [0x0000000773680000,0x0000000773680000,0x0000000774200000)
 ParOldGen       total 175104K, used 1506K [0x00000006c0000000, 0x00000006cab00000, 0x000000076ab00000)
  object space 175104K, 0% used [0x00000006c0000000,0x00000006c0178948,0x00000006cab00000)
 Metaspace       used 20527K, capacity 20762K, committed 20992K, reserved 1067008K
  class space    used 2483K, capacity 2556K, committed 2560K, reserved 1048576K
}
Event: 5.632 GC heap before
{Heap before GC invocations=6 (full 0):
 PSYoungGen      total 76288K, used 76260K [0x000000076ab00000, 0x0000000774200000, 0x00000007c0000000)
  eden space 65536K, 100% used [0x000000076ab00000,0x000000076eb00000,0x000000076eb00000)
  from space 10752K, 99% used [0x000000076eb00000,0x000000076f579280,0x000000076f580000)
  to   space 11776K, 0% used [0x0000000773680000,0x0000000773680000,0x0000000774200000)
 ParOldGen       total 175104K, used 1506K [0x00000006c0000000, 0x00000006cab00000, 0x000000076ab00000)
  object space 175104K, 0% used [0x00000006c0000000,0x00000006c0178948,0x00000006cab00000)
 Metaspace       used 20912K, capacity 21162K, committed 21296K, reserved 1069056K
  class space    used 2512K, capacity 2596K, committed 2608K, reserved 1048576K
Event: 5.645 GC heap after
Heap after GC invocations=6 (full 0):
 PSYoungGen      total 142336K, used 9866K [0x000000076ab00000, 0x0000000774300000, 0x00000007c0000000)
  eden space 130560K, 0% used [0x000000076ab00000,0x000000076ab00000,0x0000000772a80000)
  from space 11776K, 83% used [0x0000000773680000,0x00000007740229c8,0x0000000774200000)
  to   space 12288K, 0% used [0x0000000772a80000,0x0000000772a80000,0x0000000773680000)
 ParOldGen       total 175104K, used 1514K [0x00000006c0000000, 0x00000006cab00000, 0x000000076ab00000)
  object space 175104K, 0% used [0x00000006c0000000,0x00000006c017a948,0x00000006cab00000)
 Metaspace       used 20912K, capacity 21162K, committed 21296K, reserved 1069056K
  class space    used 2512K, capacity 2596K, committed 2608K, reserved 1048576K
}
Event: 5.645 GC heap before
{Heap before GC invocations=7 (full 1):
 PSYoungGen      total 142336K, used 9866K [0x000000076ab00000, 0x0000000774300000, 0x00000007c0000000)
  eden space 130560K, 0% used [0x000000076ab00000,0x000000076ab00000,0x0000000772a80000)
  from space 11776K, 83% used [0x0000000773680000,0x00000007740229c8,0x0000000774200000)
  to   space 12288K, 0% used [0x0000000772a80000,0x0000000772a80000,0x0000000773680000)
 ParOldGen       total 175104K, used 1514K [0x00000006c0000000, 0x00000006cab00000, 0x000000076ab00000)
  object space 175104K, 0% used [0x00000006c0000000,0x00000006c017a948,0x00000006cab00000)
 Metaspace       used 20912K, capacity 21162K, committed 21296K, reserved 1069056K
  class space    used 2512K, capacity 2596K, committed 2608K, reserved 1048576K
Event: 5.703 GC heap after
Heap after GC invocations=7 (full 1):
 PSYoungGen      total 142336K, used 0K [0x000000076ab00000, 0x0000000774300000, 0x00000007c0000000)
  eden space 130560K, 0% used [0x000000076ab00000,0x000000076ab00000,0x0000000772a80000)
  from space 11776K, 0% used [0x0000000773680000,0x0000000773680000,0x0000000774200000)
  to   space 12288K, 0% used [0x0000000772a80000,0x0000000772a80000,0x0000000773680000)
 ParOldGen       total 99840K, used 9135K [0x00000006c0000000, 0x00000006c6180000, 0x000000076ab00000)
  object space 99840K, 9% used [0x00000006c0000000,0x00000006c08ebc70,0x00000006c6180000)
 Metaspace       used 20912K, capacity 21162K, committed 21296K, reserved 1069056K
  class space    used 2512K, capacity 2596K, committed 2608K, reserved 1048576K
}

